<?xml version="1.0" encoding="UTF-8"?>
<testng-results ignored="0" total="13" passed="13" failed="0" skipped="0">
  <reporter-output>
  </reporter-output>
  <suite started-at="2025-09-07T15:38:38 IST" name="Amazon Cucumber Suite" finished-at="2025-09-07T15:42:16 IST" duration-ms="218071">
    <groups>
      <group name="cucumber">
        <method signature="AbstractTestNGCucumberTests.runScenario(io.cucumber.testng.PickleWrapper,io.cucumber.testng.FeatureWrapper)[pri:0, instance:runners.CucumberTestRunner@9ed238c]" name="runScenario" class="io.cucumber.testng.AbstractTestNGCucumberTests"/>
      </group> <!-- cucumber -->
    </groups>
    <test started-at="2025-09-07T15:38:38 IST" name="Cucumber Features" finished-at="2025-09-07T15:42:16 IST" duration-ms="218071">
      <class name="runners.CucumberTestRunner">
        <test-method is-config="true" signature="setUpClass(org.testng.ITestContext)[pri:0, instance:runners.CucumberTestRunner@9ed238c]" started-at="2025-09-07T15:38:38 IST" name="setUpClass" finished-at="2025-09-07T15:38:40 IST" duration-ms="2239" status="PASS">
          <params>
            <param index="0">
              <value>
                <![CDATA[org.testng.TestRunner@1791396b]]>
              </value>
            </param>
          </params>
          <reporter-output>
          </reporter-output>
        </test-method> <!-- setUpClass -->
        <test-method signature="runScenario(io.cucumber.testng.PickleWrapper,io.cucumber.testng.FeatureWrapper)[pri:0, instance:runners.CucumberTestRunner@9ed238c]" started-at="2025-09-07T15:38:40 IST" name="runScenario" description="Runs Cucumber Scenarios" data-provider="scenarios" finished-at="2025-09-07T15:38:48 IST" duration-ms="8225" status="PASS">
          <params>
            <param index="0">
              <value>
                <![CDATA["Verify company logo is visible"]]>
              </value>
            </param>
            <param index="1">
              <value>
                <![CDATA["Amazon Home Page Validation"]]>
              </value>
            </param>
          </params>
          <reporter-output>
          </reporter-output>
        </test-method> <!-- runScenario -->
        <test-method signature="runScenario(io.cucumber.testng.PickleWrapper,io.cucumber.testng.FeatureWrapper)[pri:0, instance:runners.CucumberTestRunner@9ed238c]" started-at="2025-09-07T15:38:48 IST" name="runScenario" description="Runs Cucumber Scenarios" data-provider="scenarios" finished-at="2025-09-07T15:38:50 IST" duration-ms="2105" status="PASS">
          <params>
            <param index="0">
              <value>
                <![CDATA["Verify product images and banners load correctly"]]>
              </value>
            </param>
            <param index="1">
              <value>
                <![CDATA["Amazon Home Page Validation"]]>
              </value>
            </param>
          </params>
          <reporter-output>
          </reporter-output>
        </test-method> <!-- runScenario -->
        <test-method signature="runScenario(io.cucumber.testng.PickleWrapper,io.cucumber.testng.FeatureWrapper)[pri:0, instance:runners.CucumberTestRunner@9ed238c]" started-at="2025-09-07T15:38:50 IST" name="runScenario" description="Runs Cucumber Scenarios" data-provider="scenarios" finished-at="2025-09-07T15:38:51 IST" duration-ms="687" status="PASS">
          <params>
            <param index="0">
              <value>
                <![CDATA["Verify broken images"]]>
              </value>
            </param>
            <param index="1">
              <value>
                <![CDATA["Amazon Home Page Validation"]]>
              </value>
            </param>
          </params>
          <reporter-output>
          </reporter-output>
        </test-method> <!-- runScenario -->
        <test-method signature="runScenario(io.cucumber.testng.PickleWrapper,io.cucumber.testng.FeatureWrapper)[pri:0, instance:runners.CucumberTestRunner@9ed238c]" started-at="2025-09-07T15:38:51 IST" name="runScenario" description="Runs Cucumber Scenarios" data-provider="scenarios" finished-at="2025-09-07T15:39:28 IST" duration-ms="36756" status="PASS">
          <params>
            <param index="0">
              <value>
                <![CDATA["Invalid Login (Negative Flow)"]]>
              </value>
            </param>
            <param index="1">
              <value>
                <![CDATA["E-commerce Book Purchase Flow (Reduced)"]]>
              </value>
            </param>
          </params>
          <reporter-output>
          </reporter-output>
        </test-method> <!-- runScenario -->
        <test-method signature="runScenario(io.cucumber.testng.PickleWrapper,io.cucumber.testng.FeatureWrapper)[pri:0, instance:runners.CucumberTestRunner@9ed238c]" started-at="2025-09-07T15:39:28 IST" name="runScenario" description="Runs Cucumber Scenarios" data-provider="scenarios" finished-at="2025-09-07T15:39:49 IST" duration-ms="20871" status="PASS">
          <params>
            <param index="0">
              <value>
                <![CDATA["Login with valid email and password"]]>
              </value>
            </param>
            <param index="1">
              <value>
                <![CDATA["Login Page Test Cases"]]>
              </value>
            </param>
          </params>
          <reporter-output>
          </reporter-output>
        </test-method> <!-- runScenario -->
        <test-method signature="runScenario(io.cucumber.testng.PickleWrapper,io.cucumber.testng.FeatureWrapper)[pri:0, instance:runners.CucumberTestRunner@9ed238c]" started-at="2025-09-07T15:39:49 IST" name="runScenario" description="Runs Cucumber Scenarios" data-provider="scenarios" finished-at="2025-09-07T15:40:20 IST" duration-ms="31019" status="PASS">
          <params>
            <param index="0">
              <value>
                <![CDATA["Verify session persistence while browsing"]]>
              </value>
            </param>
            <param index="1">
              <value>
                <![CDATA["Login Page Test Cases"]]>
              </value>
            </param>
          </params>
          <reporter-output>
          </reporter-output>
        </test-method> <!-- runScenario -->
        <test-method signature="runScenario(io.cucumber.testng.PickleWrapper,io.cucumber.testng.FeatureWrapper)[pri:0, instance:runners.CucumberTestRunner@9ed238c]" started-at="2025-09-07T15:40:20 IST" name="runScenario" description="Runs Cucumber Scenarios" data-provider="scenarios" finished-at="2025-09-07T15:40:46 IST" duration-ms="26627" status="PASS">
          <params>
            <param index="0">
              <value>
                <![CDATA["Login with blank fields"]]>
              </value>
            </param>
            <param index="1">
              <value>
                <![CDATA["Login Page Test Cases"]]>
              </value>
            </param>
          </params>
          <reporter-output>
          </reporter-output>
        </test-method> <!-- runScenario -->
        <test-method signature="runScenario(io.cucumber.testng.PickleWrapper,io.cucumber.testng.FeatureWrapper)[pri:0, instance:runners.CucumberTestRunner@9ed238c]" started-at="2025-09-07T15:40:46 IST" name="runScenario" description="Runs Cucumber Scenarios" data-provider="scenarios" finished-at="2025-09-07T15:41:11 IST" duration-ms="24519" status="PASS">
          <params>
            <param index="0">
              <value>
                <![CDATA["Login with invalid email and password"]]>
              </value>
            </param>
            <param index="1">
              <value>
                <![CDATA["Login Page Test Cases"]]>
              </value>
            </param>
          </params>
          <reporter-output>
          </reporter-output>
        </test-method> <!-- runScenario -->
        <test-method signature="runScenario(io.cucumber.testng.PickleWrapper,io.cucumber.testng.FeatureWrapper)[pri:0, instance:runners.CucumberTestRunner@9ed238c]" started-at="2025-09-07T15:41:11 IST" name="runScenario" description="Runs Cucumber Scenarios" data-provider="scenarios" finished-at="2025-09-07T15:41:33 IST" duration-ms="21785" status="PASS">
          <params>
            <param index="0">
              <value>
                <![CDATA["Register with blank details"]]>
              </value>
            </param>
            <param index="1">
              <value>
                <![CDATA["Registration Page Test Casess"]]>
              </value>
            </param>
          </params>
          <reporter-output>
          </reporter-output>
        </test-method> <!-- runScenario -->
        <test-method signature="runScenario(io.cucumber.testng.PickleWrapper,io.cucumber.testng.FeatureWrapper)[pri:0, instance:runners.CucumberTestRunner@9ed238c]" started-at="2025-09-07T15:41:33 IST" name="runScenario" description="Runs Cucumber Scenarios" data-provider="scenarios" finished-at="2025-09-07T15:41:39 IST" duration-ms="6263" status="PASS">
          <params>
            <param index="0">
              <value>
                <![CDATA["Valid search using search button"]]>
              </value>
            </param>
            <param index="1">
              <value>
                <![CDATA["Amazon Product Search Page Tests"]]>
              </value>
            </param>
          </params>
          <reporter-output>
          </reporter-output>
        </test-method> <!-- runScenario -->
        <test-method signature="runScenario(io.cucumber.testng.PickleWrapper,io.cucumber.testng.FeatureWrapper)[pri:0, instance:runners.CucumberTestRunner@9ed238c]" started-at="2025-09-07T15:41:39 IST" name="runScenario" description="Runs Cucumber Scenarios" data-provider="scenarios" finished-at="2025-09-07T15:42:04 IST" duration-ms="24897" status="PASS">
          <params>
            <param index="0">
              <value>
                <![CDATA["Search within Electronics department"]]>
              </value>
            </param>
            <param index="1">
              <value>
                <![CDATA["Amazon Product Search Page Tests"]]>
              </value>
            </param>
          </params>
          <reporter-output>
          </reporter-output>
        </test-method> <!-- runScenario -->
        <test-method signature="runScenario(io.cucumber.testng.PickleWrapper,io.cucumber.testng.FeatureWrapper)[pri:0, instance:runners.CucumberTestRunner@9ed238c]" started-at="2025-09-07T15:42:04 IST" name="runScenario" description="Runs Cucumber Scenarios" data-provider="scenarios" finished-at="2025-09-07T15:42:09 IST" duration-ms="5225" status="PASS">
          <params>
            <param index="0">
              <value>
                <![CDATA["Empty search should not navigate"]]>
              </value>
            </param>
            <param index="1">
              <value>
                <![CDATA["Amazon Product Search Page Tests"]]>
              </value>
            </param>
          </params>
          <reporter-output>
          </reporter-output>
        </test-method> <!-- runScenario -->
        <test-method signature="runScenario(io.cucumber.testng.PickleWrapper,io.cucumber.testng.FeatureWrapper)[pri:0, instance:runners.CucumberTestRunner@9ed238c]" started-at="2025-09-07T15:42:09 IST" name="runScenario" description="Runs Cucumber Scenarios" data-provider="scenarios" finished-at="2025-09-07T15:42:15 IST" duration-ms="5969" status="PASS">
          <params>
            <param index="0">
              <value>
                <![CDATA["Invalid search with no results"]]>
              </value>
            </param>
            <param index="1">
              <value>
                <![CDATA["Amazon Product Search Page Tests"]]>
              </value>
            </param>
          </params>
          <reporter-output>
          </reporter-output>
        </test-method> <!-- runScenario -->
        <test-method is-config="true" signature="tearDownClass()[pri:0, instance:runners.CucumberTestRunner@9ed238c]" started-at="2025-09-07T15:42:15 IST" name="tearDownClass" finished-at="2025-09-07T15:42:16 IST" duration-ms="807" status="PASS">
          <reporter-output>
          </reporter-output>
        </test-method> <!-- tearDownClass -->
      </class> <!-- runners.CucumberTestRunner -->
    </test> <!-- Cucumber Features -->
  </suite> <!-- Amazon Cucumber Suite -->
</testng-results>
